tick: 1
i 1: [1,0] 	 [0, 0, 0] 
i 2: [1,0] 	 [0, 0, 0] 
i 3: [1,0] 	 [0, 0, 0] 
i 4: [1,1] 	 [0, 0, 0] 
i 5: [1,0] 	 [0, 0, 0] 	 [0,0] 
sugar cane harvested: 0 
tick: 2
i 1: [1,0] 	 [0, 0, 0] 
i 2: [1,1] 	 [0, 0, 0] 
i 3: [1,1] 	 [0, 0, 0] 
i 4: [1,2] 	 [0, 0, 0] 
i 5: [1,0] 	 [0, 0, 0] 	 [0,0] 
tick: 3
i 1: [1,0] 	 [0, 0, 0] 
i 2: [1,2] 	 [0, 0, 0] 
i 3: [1,2] 	 [0, 0, 0] 
i 4: [1,2] 	 [0, 0, 0] 
i 5: [1,0] 	 [0, 0, 0] 	 [0,0] 
sugar cane harvested: 0 
tick: 4
i 1: [1,1] 	 [0, 0, 0] 
i 2: [2,0] 	 [0, 0, 0] 
i 3: [1,2] 	 [0, 0, 0] 
i 4: [2,0] 	 [0, 0, 0] 
i 5: [1,0] 	 [0, 0, 0] 	 [0,0] 
tick: 5
i 1: [1,1] 	 [0, 0, 0] 
i 2: [2,0] 	 [0, 0, 0] 
i 3: [1,2] 	 [0, 0, 0] 
i 4: [2,0] 	 [0, 0, 0] 
i 5: [1,0] 	 [0, 0, 0] 	 [0,0] 
sugar cane harvested: 0 
tick: 6
i 1: [1,2] 	 [0, 0, 0] 
i 2: [2,1] 	 [0, 0, 0] 
i 3: [2,0] 	 [0, 0, 0] 
i 4: [2,1] 	 [0, 0, 0] 
i 5: [1,1] 	 [0, 0, 0] 	 [0,0] 
tick: 7
i 1: [1,2] 	 [0, 0, 0] 
i 2: [2,2] 	 [0, 0, 0] 
i 3: [2,1] 	 [0, 0, 0] 
i 4: [2,2] 	 [0, 0, 0] 
i 5: [1,2] 	 [0, 0, 0] 	 [0,0] 
sugar cane harvested: 0 
tick: 8
i 1: [2,0] 	 [0, 0, 0] 
i 2: [2,2] 	 [0, 0, 0] 
i 3: [2,2] 	 [0, 0, 0] 
i 4: [3,0] 	 [0, 0, 0] 
i 5: [1,2] 	 [0, 0, 0] 	 [0,0] 
tick: 9
i 1: [2,1] 	 [0, 0, 0] 
i 2: [2,2] 	 [0, 0, 0] 
i 3: [3,0] 	 [0, 0, 0] 
i 4: [3,1] 	 [0, 0, 0] 
i 5: [2,0] 	 [0, 0, 0] 	 [0,0] 
sugar cane harvested: 0 
tick: 10
i 1: [2,2] 	 [0, 0, 0] 
i 2: [3,0] 	 [0, 0, 0] 
i 3: [3,1] 	 [0, 0, 0] 
i 4: [3,2] 	 [0, 0, 0] 
i 5: [2,1] 	 [0, 0, 0] 	 [0,0] 
tick: 11
i 1: [2,2] 	 [0, 0, 0] 
i 2: [3,0] 	 [0, 0, 0] 
i 3: [3,2] 	 [0, 0, 0] 
i 4: [3,2] 	 [0, 0, 0] 
i 5: [2,2] 	 [0, 0, 0] 	 [0,0] 
sugar cane harvested: 0 
tick: 12
i 1: [3,0] 	 [0, 0, 0] 
i 2: [3,0] 	 [0, 0, 0] 
i 3: [3,2] 	 [0, 0, 0] 
i 4: [3,2] 	 [0, 0, 0] 
i 5: [3,0] 	 [0, 0, 0] 	 [1,0] 
tick: 13
i 1: [3,0] 	 [0, 0, 0] 
i 2: [3,1] 	 [0, 0, 0] 
i 3: [3,2] 	 [0, 0, 0] 
i 4: [3,2] 	 [0, 0, 0] 
i 5: [3,1] 	 [0, 0, 0] 	 [1,0] 
sugar cane harvested: 0 
tick: 14
i 1: [3,1] 	 [0, 1, 0] 
i 2: [3,2] 	 [0, 1, 0] 
i 3: [3,2] 	 [0, 1, 0] 
i 4: [4,0] 	 [0, 1, 0] 
i 5: [3,2] 	 [0, 1, 0] 	 [0,1] 
tick: 15
i 1: [3,2] 	 [0, 1, 0] 
i 2: [3,2] 	 [0, 1, 0] 
i 3: [3,2] 	 [0, 1, 0] 
i 4: [4,1] 	 [0, 1, 0] 
i 5: [3,2] 	 [0, 1, 0] 	 [0,1] 
sugar cane harvested: 11 
tick: 16
i 1: [1,1] 	 [1, 1, 0] 
i 2: [1,0] 	 [1, 1, 0] 
i 3: [1,0] 	 [1, 1, 0] 
i 4: [1,1] 	 [1, 1, 0] 
i 5: [1,0] 	 [1, 1, 0] 	 [0,1] 
tick: 17
i 1: [1,2] 	 [1, 1, 0] 
i 2: [1,1] 	 [1, 1, 0] 
i 3: [1,0] 	 [1, 1, 0] 
i 4: [1,2] 	 [1, 1, 0] 
i 5: [1,1] 	 [1, 1, 0] 	 [0,1] 
sugar cane harvested: 0 
tick: 18
i 1: [1,3] 	 [1, 0, 1] 
i 2: [1,1] 	 [1, 0, 1] 
i 3: [1,1] 	 [1, 0, 1] 
i 4: [1,3] 	 [1, 0, 1] 
i 5: [1,1] 	 [1, 0, 1] 	 [0,0] 
tick: 19
i 1: [1,3] 	 [1, 0, 1] 
i 2: [1,2] 	 [1, 0, 1] 
i 3: [1,2] 	 [1, 0, 1] 
i 4: [1,3] 	 [1, 0, 1] 
i 5: [1,1] 	 [1, 0, 1] 	 [0,0] 
sugar cane harvested: 0 
tick: 20
i 1: [2,0] 	 [0, 0, 0] 
i 2: [2,0] 	 [0, 0, 0] 
i 3: [2,0] 	 [0, 0, 0] 
i 4: [1,3] 	 [0, 0, 0] 
i 5: [1,2] 	 [0, 0, 0] 	 [0,0] 
tick: 21
i 1: [2,1] 	 [0, 0, 0] 
i 2: [2,0] 	 [0, 0, 0] 
i 3: [2,0] 	 [0, 0, 0] 
i 4: [1,3] 	 [0, 0, 0] 
i 5: [2,0] 	 [0, 0, 0] 	 [0,0] 
sugar cane harvested: 0 
tick: 22
i 1: [2,1] 	 [0, 0, 0] 
i 2: [2,1] 	 [0, 0, 0] 
i 3: [2,0] 	 [0, 0, 0] 
i 4: [1,3] 	 [0, 0, 0] 
i 5: [2,0] 	 [0, 0, 0] 	 [0,0] 
tick: 23
i 1: [2,2] 	 [0, 0, 0] 
i 2: [2,2] 	 [0, 0, 0] 
i 3: [2,0] 	 [0, 0, 0] 
i 4: [1,3] 	 [0, 0, 0] 
i 5: [2,1] 	 [0, 0, 0] 	 [0,0] 
sugar cane harvested: 0 
tick: 24
i 1: [3,0] 	 [0, 0, 0] 
i 2: [2,2] 	 [0, 0, 0] 
i 3: [2,0] 	 [0, 0, 0] 
i 4: [1,3] 	 [0, 0, 0] 
i 5: [2,2] 	 [0, 0, 0] 	 [0,0] 
tick: 25
i 1: [3,1] 	 [0, 0, 0] 
i 2: [3,0] 	 [0, 0, 0] 
i 3: [2,1] 	 [0, 0, 0] 
i 4: [2,0] 	 [0, 0, 0] 
i 5: [2,2] 	 [0, 0, 0] 	 [0,0] 
sugar cane harvested: 0 
tick: 26
i 1: [3,2] 	 [0, 0, 0] 
i 2: [3,1] 	 [0, 0, 0] 
i 3: [2,1] 	 [0, 0, 0] 
i 4: [2,0] 	 [0, 0, 0] 
i 5: [3,0] 	 [0, 0, 0] 	 [1,0] 
tick: 27
i 1: [3,2] 	 [0, 0, 0] 
i 2: [3,2] 	 [0, 0, 0] 
i 3: [2,2] 	 [0, 0, 0] 
i 4: [2,0] 	 [0, 0, 0] 
i 5: [3,0] 	 [0, 0, 0] 	 [1,0] 
sugar cane harvested: 0 
tick: 28
i 1: [4,0] 	 [0, 1, 0] 
i 2: [3,2] 	 [0, 1, 0] 
i 3: [2,2] 	 [0, 1, 0] 
i 4: [2,1] 	 [0, 1, 0] 
i 5: [3,1] 	 [0, 1, 0] 	 [0,1] 
tick: 29
i 1: [4,0] 	 [0, 1, 0] 
i 2: [4,0] 	 [0, 1, 0] 
i 3: [2,2] 	 [0, 1, 0] 
i 4: [2,2] 	 [0, 1, 0] 
i 5: [3,2] 	 [0, 1, 0] 	 [0,1] 
sugar cane harvested: 10 
tick: 30
i 1: [1,0] 	 [1, 1, 0] 
i 2: [1,1] 	 [1, 1, 0] 
i 3: [1,1] 	 [1, 1, 0] 
i 4: [1,0] 	 [1, 1, 0] 
i 5: [1,1] 	 [1, 1, 0] 	 [0,1] 
tick: 31
i 1: [1,0] 	 [1, 1, 0] 
i 2: [1,2] 	 [1, 1, 0] 
i 3: [1,2] 	 [1, 1, 0] 
i 4: [1,0] 	 [1, 1, 0] 
i 5: [1,2] 	 [1, 1, 0] 	 [0,1] 
sugar cane harvested: 0 
tick: 32
i 1: [1,1] 	 [1, 0, 1] 
i 2: [1,3] 	 [1, 0, 1] 
i 3: [1,2] 	 [1, 0, 1] 
i 4: [1,1] 	 [1, 0, 1] 
i 5: [1,3] 	 [1, 0, 1] 	 [0,0] 
tick: 33
i 1: [1,1] 	 [1, 0, 1] 
i 2: [1,3] 	 [1, 0, 1] 
i 3: [1,2] 	 [1, 0, 1] 
i 4: [1,1] 	 [1, 0, 1] 
i 5: [1,3] 	 [1, 0, 1] 	 [0,0] 
sugar cane harvested: 0 
tick: 34
i 1: [1,1] 	 [0, 0, 0] 
i 2: [2,0] 	 [0, 0, 0] 
i 3: [2,0] 	 [0, 0, 0] 
i 4: [1,2] 	 [0, 0, 0] 
i 5: [1,3] 	 [0, 0, 0] 	 [0,0] 
tick: 35
i 1: [1,1] 	 [0, 0, 0] 
i 2: [2,0] 	 [0, 0, 0] 
i 3: [2,1] 	 [0, 0, 0] 
i 4: [1,2] 	 [0, 0, 0] 
i 5: [1,3] 	 [0, 0, 0] 	 [0,0] 
sugar cane harvested: 0 
tick: 36
i 1: [1,1] 	 [0, 0, 0] 
i 2: [2,1] 	 [0, 0, 0] 
i 3: [2,1] 	 [0, 0, 0] 
i 4: [1,2] 	 [0, 0, 0] 
i 5: [1,3] 	 [0, 0, 0] 	 [0,0] 
tick: 37
i 1: [1,2] 	 [0, 0, 0] 
i 2: [2,2] 	 [0, 0, 0] 
i 3: [2,2] 	 [0, 0, 0] 
i 4: [2,0] 	 [0, 0, 0] 
i 5: [2,0] 	 [0, 0, 0] 	 [0,0] 
sugar cane harvested: 0 
tick: 38
i 1: [1,2] 	 [0, 0, 0] 
i 2: [3,0] 	 [0, 0, 0] 
i 3: [2,2] 	 [0, 0, 0] 
i 4: [2,0] 	 [0, 0, 0] 
i 5: [2,1] 	 [0, 0, 0] 	 [0,0] 
tick: 39
i 1: [2,0] 	 [0, 0, 0] 
i 2: [3,0] 	 [0, 0, 0] 
i 3: [2,2] 	 [0, 0, 0] 
i 4: [2,0] 	 [0, 0, 0] 
i 5: [2,2] 	 [0, 0, 0] 	 [0,0] 
sugar cane harvested: 0 
tick: 40
i 1: [2,0] 	 [0, 0, 0] 
i 2: [3,0] 	 [0, 0, 0] 
i 3: [3,0] 	 [0, 0, 0] 
i 4: [2,1] 	 [0, 0, 0] 
i 5: [3,0] 	 [0, 0, 0] 	 [1,0] 
tick: 41
i 1: [2,1] 	 [0, 0, 0] 
i 2: [3,0] 	 [0, 0, 0] 
i 3: [3,1] 	 [0, 0, 0] 
i 4: [2,1] 	 [0, 0, 0] 
i 5: [3,1] 	 [0, 0, 0] 	 [1,0] 
sugar cane harvested: 0 
tick: 42
i 1: [2,1] 	 [0, 1, 0] 
i 2: [3,0] 	 [0, 1, 0] 
i 3: [3,1] 	 [0, 1, 0] 
i 4: [2,2] 	 [0, 1, 0] 
i 5: [3,2] 	 [0, 1, 0] 	 [0,1] 
tick: 43
i 1: [2,2] 	 [0, 1, 0] 
i 2: [3,1] 	 [0, 1, 0] 
i 3: [3,1] 	 [0, 1, 0] 
i 4: [2,2] 	 [0, 1, 0] 
i 5: [4,0] 	 [0, 1, 0] 	 [0,1] 
sugar cane harvested: 9 
tick: 44
i 1: [1,1] 	 [1, 1, 0] 
i 2: [1,1] 	 [1, 1, 0] 
i 3: [1,0] 	 [1, 1, 0] 
i 4: [1,1] 	 [1, 1, 0] 
i 5: [1,1] 	 [1, 1, 0] 	 [0,1] 
tick: 45
i 1: [1,1] 	 [1, 1, 0] 
i 2: [1,1] 	 [1, 1, 0] 
i 3: [1,0] 	 [1, 1, 0] 
i 4: [1,2] 	 [1, 1, 0] 
i 5: [1,2] 	 [1, 1, 0] 	 [0,1] 
sugar cane harvested: 0 
tick: 46
i 1: [1,2] 	 [1, 0, 1] 
i 2: [1,1] 	 [1, 0, 1] 
i 3: [1,0] 	 [1, 0, 1] 
i 4: [1,3] 	 [1, 0, 1] 
i 5: [1,3] 	 [1, 0, 1] 	 [0,0] 
tick: 47
i 1: [1,3] 	 [1, 0, 1] 
i 2: [1,1] 	 [1, 0, 1] 
i 3: [1,1] 	 [1, 0, 1] 
i 4: [1,3] 	 [1, 0, 1] 
i 5: [1,3] 	 [1, 0, 1] 	 [0,0] 
sugar cane harvested: 0 
tick: 48
i 1: [1,3] 	 [0, 0, 0] 
i 2: [1,2] 	 [0, 0, 0] 
i 3: [1,1] 	 [0, 0, 0] 
i 4: [1,3] 	 [0, 0, 0] 
i 5: [1,3] 	 [0, 0, 0] 	 [0,0] 
tick: 49
i 1: [1,3] 	 [0, 0, 0] 
i 2: [1,2] 	 [0, 0, 0] 
i 3: [1,1] 	 [0, 0, 0] 
i 4: [1,3] 	 [0, 0, 0] 
i 5: [1,3] 	 [0, 0, 0] 	 [0,0] 
sugar cane harvested: 0 
tick: 50
i 1: [2,0] 	 [0, 0, 0] 
i 2: [1,2] 	 [0, 0, 0] 
i 3: [1,2] 	 [0, 0, 0] 
i 4: [2,0] 	 [0, 0, 0] 
i 5: [2,0] 	 [0, 0, 0] 	 [0,0] 
tick: 51
i 1: [2,1] 	 [0, 0, 0] 
i 2: [2,0] 	 [0, 0, 0] 
i 3: [1,2] 	 [0, 0, 0] 
i 4: [2,0] 	 [0, 0, 0] 
i 5: [2,1] 	 [0, 0, 0] 	 [0,0] 
sugar cane harvested: 0 
tick: 52
i 1: [2,1] 	 [0, 0, 0] 
i 2: [2,1] 	 [0, 0, 0] 
i 3: [1,2] 	 [0, 0, 0] 
i 4: [2,0] 	 [0, 0, 0] 
i 5: [2,2] 	 [0, 0, 0] 	 [0,0] 
tick: 53
i 1: [2,2] 	 [0, 0, 0] 
i 2: [2,2] 	 [0, 0, 0] 
i 3: [1,2] 	 [0, 0, 0] 
i 4: [2,0] 	 [0, 0, 0] 
i 5: [3,0] 	 [0, 0, 0] 	 [1,0] 
sugar cane harvested: 0 
tick: 54
i 1: [2,2] 	 [0, 1, 0] 
i 2: [3,0] 	 [0, 1, 0] 
i 3: [1,2] 	 [0, 1, 0] 
i 4: [2,0] 	 [0, 1, 0] 
i 5: [3,1] 	 [0, 1, 0] 	 [0,1] 
tick: 55
i 1: [3,0] 	 [0, 1, 0] 
i 2: [3,0] 	 [0, 1, 0] 
i 3: [1,2] 	 [0, 1, 0] 
i 4: [2,0] 	 [0, 1, 0] 
i 5: [3,2] 	 [0, 1, 0] 	 [0,1] 
sugar cane harvested: 7 
tick: 56
i 1: [1,0] 	 [1, 1, 0] 
i 2: [1,0] 	 [1, 1, 0] 
i 3: [1,3] 	 [1, 1, 0] 
i 4: [1,1] 	 [1, 1, 0] 
i 5: [1,1] 	 [1, 1, 0] 	 [0,1] 
tick: 57
i 1: [1,0] 	 [1, 1, 0] 
i 2: [1,1] 	 [1, 1, 0] 
i 3: [1,3] 	 [1, 1, 0] 
i 4: [1,2] 	 [1, 1, 0] 
i 5: [1,2] 	 [1, 1, 0] 	 [0,1] 
sugar cane harvested: 0 
tick: 58
i 1: [1,0] 	 [1, 0, 1] 
i 2: [1,2] 	 [1, 0, 1] 
i 3: [1,3] 	 [1, 0, 1] 
i 4: [1,2] 	 [1, 0, 1] 
i 5: [1,2] 	 [1, 0, 1] 	 [0,0] 
tick: 59
i 1: [1,0] 	 [1, 0, 1] 
i 2: [1,3] 	 [1, 0, 1] 
i 3: [1,3] 	 [1, 0, 1] 
i 4: [1,3] 	 [1, 0, 1] 
i 5: [1,2] 	 [1, 0, 1] 	 [0,0] 
sugar cane harvested: 0 
tick: 60
i 1: [1,1] 	 [0, 0, 0] 
i 2: [2,0] 	 [0, 0, 0] 
i 3: [2,0] 	 [0, 0, 0] 
i 4: [2,0] 	 [0, 0, 0] 
i 5: [2,0] 	 [0, 0, 0] 	 [0,0] 
tick: 61
i 1: [1,2] 	 [0, 0, 0] 
i 2: [2,1] 	 [0, 0, 0] 
i 3: [2,1] 	 [0, 0, 0] 
i 4: [2,0] 	 [0, 0, 0] 
i 5: [2,1] 	 [0, 0, 0] 	 [0,0] 
sugar cane harvested: 0 
tick: 62
i 1: [2,0] 	 [0, 0, 0] 
i 2: [2,1] 	 [0, 0, 0] 
i 3: [2,1] 	 [0, 0, 0] 
i 4: [2,0] 	 [0, 0, 0] 
i 5: [2,1] 	 [0, 0, 0] 	 [0,0] 
tick: 63
i 1: [2,1] 	 [0, 0, 0] 
i 2: [2,2] 	 [0, 0, 0] 
i 3: [2,1] 	 [0, 0, 0] 
i 4: [2,1] 	 [0, 0, 0] 
i 5: [2,2] 	 [0, 0, 0] 	 [0,0] 
sugar cane harvested: 0 
tick: 64
i 1: [2,1] 	 [0, 0, 0] 
i 2: [2,2] 	 [0, 0, 0] 
i 3: [2,2] 	 [0, 0, 0] 
i 4: [2,1] 	 [0, 0, 0] 
i 5: [3,0] 	 [0, 0, 0] 	 [1,0] 
tick: 65
i 1: [2,2] 	 [0, 0, 0] 
i 2: [3,0] 	 [0, 0, 0] 
i 3: [2,2] 	 [0, 0, 0] 
i 4: [2,2] 	 [0, 0, 0] 
i 5: [3,0] 	 [0, 0, 0] 	 [1,0] 
sugar cane harvested: 0 
tick: 66
i 1: [3,0] 	 [0, 1, 0] 
i 2: [3,1] 	 [0, 1, 0] 
i 3: [3,0] 	 [0, 1, 0] 
i 4: [2,2] 	 [0, 1, 0] 
i 5: [3,1] 	 [0, 1, 0] 	 [0,1] 
tick: 67
i 1: [3,1] 	 [0, 1, 0] 
i 2: [3,1] 	 [0, 1, 0] 
i 3: [3,1] 	 [0, 1, 0] 
i 4: [3,0] 	 [0, 1, 0] 
i 5: [3,2] 	 [0, 1, 0] 	 [0,1] 
sugar cane harvested: 10 
tick: 68
i 1: [1,0] 	 [1, 1, 0] 
i 2: [1,1] 	 [1, 1, 0] 
i 3: [1,1] 	 [1, 1, 0] 
i 4: [1,0] 	 [1, 1, 0] 
i 5: [1,0] 	 [1, 1, 0] 	 [0,1] 
tick: 69
i 1: [1,1] 	 [1, 1, 0] 
i 2: [1,2] 	 [1, 1, 0] 
i 3: [1,1] 	 [1, 1, 0] 
i 4: [1,0] 	 [1, 1, 0] 
i 5: [1,1] 	 [1, 1, 0] 	 [0,1] 
sugar cane harvested: 0 
tick: 70
i 1: [1,1] 	 [1, 0, 1] 
i 2: [1,3] 	 [1, 0, 1] 
i 3: [1,1] 	 [1, 0, 1] 
i 4: [1,1] 	 [1, 0, 1] 
i 5: [1,1] 	 [1, 0, 1] 	 [0,0] 
tick: 71
i 1: [1,2] 	 [1, 0, 1] 
i 2: [1,3] 	 [1, 0, 1] 
i 3: [1,2] 	 [1, 0, 1] 
i 4: [1,1] 	 [1, 0, 1] 
i 5: [1,2] 	 [1, 0, 1] 	 [0,0] 
sugar cane harvested: 0 
tick: 72
i 1: [1,2] 	 [0, 0, 0] 
i 2: [2,0] 	 [0, 0, 0] 
i 3: [1,2] 	 [0, 0, 0] 
i 4: [1,1] 	 [0, 0, 0] 
i 5: [1,2] 	 [0, 0, 0] 	 [0,0] 
tick: 73
i 1: [1,2] 	 [0, 0, 0] 
i 2: [2,1] 	 [0, 0, 0] 
i 3: [1,2] 	 [0, 0, 0] 
i 4: [1,2] 	 [0, 0, 0] 
i 5: [2,0] 	 [0, 0, 0] 	 [0,0] 
sugar cane harvested: 0 
tick: 74
i 1: [2,0] 	 [0, 0, 0] 
i 2: [2,2] 	 [0, 0, 0] 
i 3: [1,2] 	 [0, 0, 0] 
i 4: [1,2] 	 [0, 0, 0] 
i 5: [2,1] 	 [0, 0, 0] 	 [0,0] 
tick: 75
i 1: [2,1] 	 [0, 0, 0] 
i 2: [3,0] 	 [0, 0, 0] 
i 3: [1,2] 	 [0, 0, 0] 
i 4: [1,2] 	 [0, 0, 0] 
i 5: [2,2] 	 [0, 0, 0] 	 [0,0] 
sugar cane harvested: 0 
tick: 76
i 1: [2,1] 	 [0, 0, 0] 
i 2: [3,0] 	 [0, 0, 0] 
i 3: [2,0] 	 [0, 0, 0] 
i 4: [2,0] 	 [0, 0, 0] 
i 5: [2,2] 	 [0, 0, 0] 	 [0,0] 
tick: 77
i 1: [2,2] 	 [0, 0, 0] 
i 2: [3,1] 	 [0, 0, 0] 
i 3: [2,0] 	 [0, 0, 0] 
i 4: [2,1] 	 [0, 0, 0] 
i 5: [3,0] 	 [0, 0, 0] 	 [1,0] 
sugar cane harvested: 0 
tick: 78
i 1: [2,2] 	 [0, 1, 0] 
i 2: [3,1] 	 [0, 1, 0] 
i 3: [2,0] 	 [0, 1, 0] 
i 4: [2,2] 	 [0, 1, 0] 
i 5: [3,1] 	 [0, 1, 0] 	 [0,1] 
tick: 79
i 1: [3,0] 	 [0, 1, 0] 
i 2: [3,2] 	 [0, 1, 0] 
i 3: [2,1] 	 [0, 1, 0] 
i 4: [2,2] 	 [0, 1, 0] 
i 5: [3,2] 	 [0, 1, 0] 	 [0,1] 
sugar cane harvested: 8 
tick: 80
i 1: [1,1] 	 [1, 1, 0] 
i 2: [1,1] 	 [1, 1, 0] 
i 3: [1,1] 	 [1, 1, 0] 
i 4: [1,0] 	 [1, 1, 0] 
i 5: [1,0] 	 [1, 1, 0] 	 [0,1] 
tick: 81
i 1: [1,2] 	 [1, 1, 0] 
i 2: [1,2] 	 [1, 1, 0] 
i 3: [1,1] 	 [1, 1, 0] 
i 4: [1,1] 	 [1, 1, 0] 
i 5: [1,1] 	 [1, 1, 0] 	 [0,1] 
sugar cane harvested: 0 
tick: 82
i 1: [1,3] 	 [1, 0, 1] 
i 2: [1,2] 	 [1, 0, 1] 
i 3: [1,1] 	 [1, 0, 1] 
i 4: [1,1] 	 [1, 0, 1] 
i 5: [1,2] 	 [1, 0, 1] 	 [0,0] 
tick: 83
i 1: [1,3] 	 [1, 0, 1] 
i 2: [1,3] 	 [1, 0, 1] 
i 3: [1,1] 	 [1, 0, 1] 
i 4: [1,1] 	 [1, 0, 1] 
i 5: [1,2] 	 [1, 0, 1] 	 [0,0] 
sugar cane harvested: 0 
tick: 84
i 1: [1,3] 	 [0, 0, 0] 
i 2: [2,0] 	 [0, 0, 0] 
i 3: [1,1] 	 [0, 0, 0] 
i 4: [1,2] 	 [0, 0, 0] 
i 5: [1,2] 	 [0, 0, 0] 	 [0,0] 
tick: 85
i 1: [1,3] 	 [0, 0, 0] 
i 2: [2,0] 	 [0, 0, 0] 
i 3: [1,1] 	 [0, 0, 0] 
i 4: [1,2] 	 [0, 0, 0] 
i 5: [1,2] 	 [0, 0, 0] 	 [0,0] 
sugar cane harvested: 0 
tick: 86
i 1: [1,3] 	 [0, 0, 0] 
i 2: [2,1] 	 [0, 0, 0] 
i 3: [1,2] 	 [0, 0, 0] 
i 4: [2,0] 	 [0, 0, 0] 
i 5: [1,2] 	 [0, 0, 0] 	 [0,0] 
tick: 87
i 1: [2,0] 	 [0, 0, 0] 
i 2: [2,2] 	 [0, 0, 0] 
i 3: [2,0] 	 [0, 0, 0] 
i 4: [2,1] 	 [0, 0, 0] 
i 5: [1,2] 	 [0, 0, 0] 	 [0,0] 
sugar cane harvested: 0 
tick: 88
i 1: [2,1] 	 [0, 0, 0] 
i 2: [2,2] 	 [0, 0, 0] 
i 3: [2,0] 	 [0, 0, 0] 
i 4: [2,1] 	 [0, 0, 0] 
i 5: [2,0] 	 [0, 0, 0] 	 [0,0] 
tick: 89
i 1: [2,2] 	 [0, 0, 0] 
i 2: [2,2] 	 [0, 0, 0] 
i 3: [2,1] 	 [0, 0, 0] 
i 4: [2,1] 	 [0, 0, 0] 
i 5: [2,1] 	 [0, 0, 0] 	 [0,0] 
sugar cane harvested: 0 
tick: 90
i 1: [3,0] 	 [0, 0, 0] 
i 2: [3,0] 	 [0, 0, 0] 
i 3: [2,2] 	 [0, 0, 0] 
i 4: [2,1] 	 [0, 0, 0] 
i 5: [2,2] 	 [0, 0, 0] 	 [0,0] 
tick: 91
i 1: [3,1] 	 [0, 0, 0] 
i 2: [3,1] 	 [0, 0, 0] 
i 3: [3,0] 	 [0, 0, 0] 
i 4: [2,2] 	 [0, 0, 0] 
i 5: [2,2] 	 [0, 0, 0] 	 [0,0] 
sugar cane harvested: 0 
tick: 92
i 1: [3,2] 	 [0, 0, 0] 
i 2: [3,1] 	 [0, 0, 0] 
i 3: [3,0] 	 [0, 0, 0] 
i 4: [2,2] 	 [0, 0, 0] 
i 5: [3,0] 	 [0, 0, 0] 	 [1,0] 
tick: 93
i 1: [3,2] 	 [0, 0, 0] 
i 2: [3,1] 	 [0, 0, 0] 
i 3: [3,1] 	 [0, 0, 0] 
i 4: [3,0] 	 [0, 0, 0] 
i 5: [3,1] 	 [0, 0, 0] 	 [1,0] 
sugar cane harvested: 0 
tick: 94
i 1: [3,2] 	 [0, 1, 0] 
i 2: [3,2] 	 [0, 1, 0] 
i 3: [3,2] 	 [0, 1, 0] 
i 4: [3,1] 	 [0, 1, 0] 
i 5: [3,1] 	 [0, 1, 0] 	 [0,1] 
tick: 95
i 1: [3,2] 	 [0, 1, 0] 
i 2: [4,0] 	 [0, 1, 0] 
i 3: [4,0] 	 [0, 1, 0] 
i 4: [3,1] 	 [0, 1, 0] 
i 5: [3,2] 	 [0, 1, 0] 	 [0,1] 
sugar cane harvested: 12 
tick: 96
i 1: [1,0] 	 [1, 1, 0] 
i 2: [1,0] 	 [1, 1, 0] 
i 3: [1,0] 	 [1, 1, 0] 
i 4: [1,0] 	 [1, 1, 0] 
i 5: [1,0] 	 [1, 1, 0] 	 [0,1] 
tick: 97
i 1: [1,1] 	 [1, 1, 0] 
i 2: [1,0] 	 [1, 1, 0] 
i 3: [1,0] 	 [1, 1, 0] 
i 4: [1,1] 	 [1, 1, 0] 
i 5: [1,1] 	 [1, 1, 0] 	 [0,1] 
sugar cane harvested: 0 
tick: 98
i 1: [1,1] 	 [1, 0, 1] 
i 2: [1,0] 	 [1, 0, 1] 
i 3: [1,0] 	 [1, 0, 1] 
i 4: [1,1] 	 [1, 0, 1] 
i 5: [1,2] 	 [1, 0, 1] 	 [0,0] 
tick: 99
i 1: [1,1] 	 [1, 0, 1] 
i 2: [1,1] 	 [1, 0, 1] 
i 3: [1,1] 	 [1, 0, 1] 
i 4: [1,2] 	 [1, 0, 1] 
i 5: [1,2] 	 [1, 0, 1] 	 [0,0] 
sugar cane harvested: 0 
tick: 100
i 1: [1,1] 	 [0, 0, 0] 
i 2: [1,1] 	 [0, 0, 0] 
i 3: [1,2] 	 [0, 0, 0] 
i 4: [1,2] 	 [0, 0, 0] 
i 5: [2,0] 	 [0, 0, 0] 	 [0,0] 
