tick: 0
i 1: [1,0] 	 [0, 0, 0] 
i 2: [1,0] 	 [0, 0, 0] 
i 3: [1,0] 	 [0, 0, 0] 
i 4: [1,0] 	 [0, 0, 0] 
i 5: [1,0] 	 [0, 0, 0] 
i 6: [1,0] 	 [0, 0, 0] 	 [0,0] 
i 7: [1,0] 	 [0, 0, 0] 
i 8: [1,0] 	 [0, 0, 0] 
i 9: [1,0] 	 [0, 0, 0] 
i 10: [1,0] 	 [0, 0, 0] 
sugar cane harvested: 0 
tick: 1
i 1: [1,0] 	 [0, 0, 0] 
i 2: [1,0] 	 [0, 0, 0] 
i 3: [1,0] 	 [0, 0, 0] 
i 4: [1,1] 	 [0, 0, 0] 
i 5: [1,0] 	 [0, 0, 0] 
i 6: [1,0] 	 [0, 0, 0] 	 [0,0] 
i 7: [1,1] 	 [0, 0, 0] 
i 8: [1,1] 	 [0, 0, 0] 
i 9: [1,1] 	 [0, 0, 0] 
i 10: [1,0] 	 [0, 0, 0] 
tick: 2
i 1: [1,0] 	 [0, 0, 0] 
i 2: [1,1] 	 [0, 0, 0] 
i 3: [1,1] 	 [0, 0, 0] 
i 4: [1,1] 	 [0, 0, 0] 
i 5: [1,0] 	 [0, 0, 0] 
i 6: [1,1] 	 [0, 0, 0] 	 [0,0] 
i 7: [1,2] 	 [0, 0, 0] 
i 8: [1,1] 	 [0, 0, 0] 
i 9: [1,2] 	 [0, 0, 0] 
i 10: [1,0] 	 [0, 0, 0] 
sugar cane harvested: 0 
tick: 3
i 1: [1,0] 	 [0, 0, 0] 
i 2: [1,1] 	 [0, 0, 0] 
i 3: [1,1] 	 [0, 0, 0] 
i 4: [1,1] 	 [0, 0, 0] 
i 5: [1,0] 	 [0, 0, 0] 
i 6: [1,2] 	 [0, 0, 0] 	 [0,0] 
i 7: [2,0] 	 [0, 0, 0] 
i 8: [1,2] 	 [0, 0, 0] 
i 9: [2,0] 	 [0, 0, 0] 
i 10: [1,1] 	 [0, 0, 0] 
tick: 4
i 1: [1,0] 	 [0, 0, 0] 
i 2: [1,2] 	 [0, 0, 0] 
i 3: [1,2] 	 [0, 0, 0] 
i 4: [1,2] 	 [0, 0, 0] 
i 5: [1,1] 	 [0, 0, 0] 
i 6: [2,0] 	 [0, 0, 0] 	 [0,0] 
i 7: [2,0] 	 [0, 0, 0] 
i 8: [2,0] 	 [0, 0, 0] 
i 9: [2,1] 	 [0, 0, 0] 
i 10: [1,1] 	 [0, 0, 0] 
sugar cane harvested: 0 
tick: 5
i 1: [1,1] 	 [0, 0, 0] 
i 2: [1,2] 	 [0, 0, 0] 
i 3: [2,0] 	 [0, 0, 0] 
i 4: [2,0] 	 [0, 0, 0] 
i 5: [1,2] 	 [0, 0, 0] 
i 6: [2,1] 	 [0, 0, 0] 	 [0,0] 
i 7: [2,1] 	 [0, 0, 0] 
i 8: [2,1] 	 [0, 0, 0] 
i 9: [2,2] 	 [0, 0, 0] 
i 10: [1,2] 	 [0, 0, 0] 
tick: 6
i 1: [1,1] 	 [0, 0, 0] 
i 2: [1,2] 	 [0, 0, 0] 
i 3: [2,1] 	 [0, 0, 0] 
i 4: [2,0] 	 [0, 0, 0] 
i 5: [2,0] 	 [0, 0, 0] 
i 6: [2,2] 	 [0, 0, 0] 	 [0,0] 
i 7: [2,1] 	 [0, 0, 0] 
i 8: [2,1] 	 [0, 0, 0] 
i 9: [2,2] 	 [0, 0, 0] 
i 10: [2,0] 	 [0, 0, 0] 
sugar cane harvested: 0 
tick: 7
i 1: [1,1] 	 [0, 0, 0] 
i 2: [2,0] 	 [0, 0, 0] 
i 3: [2,1] 	 [0, 0, 0] 
i 4: [2,0] 	 [0, 0, 0] 
i 5: [2,1] 	 [0, 0, 0] 
i 6: [3,0] 	 [0, 0, 0] 	 [1,0] 
i 7: [2,2] 	 [0, 0, 0] 
i 8: [2,1] 	 [0, 0, 0] 
i 9: [3,0] 	 [0, 0, 0] 
i 10: [2,1] 	 [0, 0, 0] 
tick: 8
i 1: [1,2] 	 [0, 0, 0] 
i 2: [2,0] 	 [0, 0, 0] 
i 3: [2,1] 	 [0, 0, 0] 
i 4: [2,1] 	 [0, 0, 0] 
i 5: [2,1] 	 [0, 0, 0] 
i 6: [3,1] 	 [0, 0, 0] 	 [1,0] 
i 7: [2,2] 	 [0, 0, 0] 
i 8: [2,1] 	 [0, 0, 0] 
i 9: [3,1] 	 [0, 0, 0] 
i 10: [2,1] 	 [0, 0, 0] 
sugar cane harvested: 0 
tick: 9
i 1: [2,0] 	 [0, 0, 0] 
i 2: [2,1] 	 [0, 0, 0] 
i 3: [2,1] 	 [0, 0, 0] 
i 4: [2,2] 	 [0, 0, 0] 
i 5: [2,2] 	 [0, 0, 0] 
i 6: [3,2] 	 [0, 0, 0] 	 [0,1] 
i 7: [2,2] 	 [0, 0, 0] 
i 8: [2,2] 	 [0, 0, 0] 
i 9: [3,2] 	 [0, 0, 0] 
i 10: [2,1] 	 [0, 0, 0] 
